-------------------------------------------------------------------------------
Test set: guru.springframework.SpringBootMongodbApplicationTests
-------------------------------------------------------------------------------
Tests run: 1, Failures: 0, Errors: 1, Skipped: 0, Time elapsed: 0.003 s <<< FAILURE! - in guru.springframework.SpringBootMongodbApplicationTests
initializationError(guru.springframework.SpringBootMongodbApplicationTests)  Time elapsed: 0 s  <<< ERROR!
java.lang.IllegalStateException: Unable to find a @SpringBootConfiguration, you need to use @ContextConfiguration or @SpringBootTest(classes=...) with your test

