<?xml version="1.0" encoding="UTF-8"?>
<testsuite xmlns:xsi="http://www.w3.org/2001/XMLSchema-instance" xsi:noNamespaceSchemaLocation="https://maven.apache.org/surefire/maven-surefire-plugin/xsd/surefire-test-report.xsd" name="guru.springframework.SpringBootMongodbApplicationTests" time="0.003" tests="1" errors="1" skipped="0" failures="0">
  <properties>
[...]
</properties>
  <testcase name="initializationError" classname="guru.springframework.SpringBootMongodbApplicationTests" time="0">
    <error message="Unable to find a @SpringBootConfiguration, you need to use @ContextConfiguration or @SpringBootTest(classes=...) with your test" type="java.lang.IllegalStateException">java.lang.IllegalStateException: Unable to find a @SpringBootConfiguration, you need to use @ContextConfiguration or @SpringBootTest(classes=...) with your test
</error>
    <system-out><![CDATA[10:35:29.499 [main] DEBUG org.springframework.test.context.junit4.SpringJUnit4ClassRunner - SpringJUnit4ClassRunner constructor called with [class guru.springframework.SpringBootMongodbApplicationTests]
10:35:29.499 [main] DEBUG org.springframework.test.context.BootstrapUtils - Instantiating CacheAwareContextLoaderDelegate from class [org.springframework.test.context.cache.DefaultCacheAwareContextLoaderDelegate]
10:35:29.500 [main] DEBUG org.springframework.test.context.BootstrapUtils - Instantiating BootstrapContext using constructor [public org.springframework.test.context.support.DefaultBootstrapContext(java.lang.Class,org.springframework.test.context.CacheAwareContextLoaderDelegate)]
10:35:29.500 [main] DEBUG org.springframework.test.context.BootstrapUtils - Instantiating TestContextBootstrapper for test class [guru.springframework.SpringBootMongodbApplicationTests] from class [org.springframework.boot.test.context.SpringBootTestContextBootstrapper]
10:35:29.500 [main] INFO org.springframework.boot.test.context.SpringBootTestContextBootstrapper - Neither @ContextConfiguration nor @ContextHierarchy found for test class [guru.springframework.SpringBootMongodbApplicationTests], using SpringBootContextLoader
10:35:29.501 [main] DEBUG org.springframework.test.context.support.AbstractContextLoader - Did not detect default resource location for test class [guru.springframework.SpringBootMongodbApplicationTests]: class path resource [guru/springframework/SpringBootMongodbApplicationTests-context.xml] does not exist
10:35:29.501 [main] DEBUG org.springframework.test.context.support.AbstractContextLoader - Did not detect default resource location for test class [guru.springframework.SpringBootMongodbApplicationTests]: class path resource [guru/springframework/SpringBootMongodbApplicationTestsContext.groovy] does not exist
10:35:29.501 [main] INFO org.springframework.test.context.support.AbstractContextLoader - Could not detect default resource locations for test class [guru.springframework.SpringBootMongodbApplicationTests]: no resource found for suffixes {-context.xml, Context.groovy}.
10:35:29.501 [main] INFO org.springframework.test.context.support.AnnotationConfigContextLoaderUtils - Could not detect default configuration classes for test class [guru.springframework.SpringBootMongodbApplicationTests]: SpringBootMongodbApplicationTests does not declare any static, non-private, non-final, nested classes annotated with @Configuration.
10:35:29.504 [main] DEBUG org.springframework.test.context.support.ActiveProfilesUtils - Could not find an 'annotation declaring class' for annotation type [org.springframework.test.context.ActiveProfiles] and class [guru.springframework.SpringBootMongodbApplicationTests]
10:35:29.504 [main] DEBUG org.springframework.core.env.StandardEnvironment - Adding PropertySource 'systemProperties' with lowest search precedence
10:35:29.504 [main] DEBUG org.springframework.core.env.StandardEnvironment - Adding PropertySource 'systemEnvironment' with lowest search precedence
10:35:29.504 [main] DEBUG org.springframework.core.env.StandardEnvironment - Initialized StandardEnvironment with PropertySources [MapPropertySource@543846639 {name='systemProperties', properties={java.runtime.name=Java(TM) SE Runtime Environment, sun.boot.library.path=/usr/lib/jvm/java-8-oracle/jre/lib/amd64, java.vm.version=25.121-b13, java.vm.vendor=Oracle Corporation, java.vendor.url=http://java.oracle.com/, path.separator=:, java.vm.name=Java HotSpot(TM) 64-Bit Server VM, file.encoding.pkg=sun.io, user.country=US, sun.java.launcher=SUN_STANDARD, sun.os.patch.level=unknown, java.vm.specification.name=Java Virtual Machine Specification, user.dir=/media/iftekhar/New Volume/spring-boot-mongodb, java.runtime.version=1.8.0_121-b13, basedir=/media/iftekhar/New Volume/spring-boot-mongodb, java.awt.graphicsenv=sun.awt.X11GraphicsEnvironment, java.endorsed.dirs=/usr/lib/jvm/java-8-oracle/jre/lib/endorsed, os.arch=amd64, surefire.real.class.path=/media/iftekhar/New Volume/spring-boot-mongodb/target/surefire/surefirebooter4079660414060813256.jar, java.io.tmpdir=/tmp, line.separator=
, java.vm.specification.vendor=Oracle Corporation, os.name=Linux, sun.jnu.encoding=UTF-8, java.library.path=/usr/java/packages/lib/amd64:/usr/lib64:/lib64:/lib:/usr/lib, surefire.test.class.path=/media/iftekhar/New Volume/spring-boot-mongodb/target/test-classes:/media/iftekhar/New Volume/spring-boot-mongodb/target/classes:/home/iftekhar/.m2/repository/org/springframework/boot/spring-boot-starter-data-mongodb/2.0.0.M7/spring-boot-starter-data-mongodb-2.0.0.M7.jar:/home/iftekhar/.m2/repository/org/springframework/boot/spring-boot-starter/2.0.0.M7/spring-boot-starter-2.0.0.M7.jar:/home/iftekhar/.m2/repository/org/springframework/boot/spring-boot/2.0.0.M7/spring-boot-2.0.0.M7.jar:/home/iftekhar/.m2/repository/org/springframework/boot/spring-boot-autoconfigure/2.0.0.M7/spring-boot-autoconfigure-2.0.0.M7.jar:/home/iftekhar/.m2/repository/org/springframework/boot/spring-boot-starter-logging/2.0.0.M7/spring-boot-starter-logging-2.0.0.M7.jar:/home/iftekhar/.m2/repository/ch/qos/logback/logback-classic/1.2.3/logback-classic-1.2.3.jar:/home/iftekhar/.m2/repository/ch/qos/logback/logback-core/1.2.3/logback-core-1.2.3.jar:/home/iftekhar/.m2/repository/org/apache/logging/log4j/log4j-to-slf4j/2.10.0/log4j-to-slf4j-2.10.0.jar:/home/iftekhar/.m2/repository/org/apache/logging/log4j/log4j-api/2.10.0/log4j-api-2.10.0.jar:/home/iftekhar/.m2/repository/org/slf4j/jul-to-slf4j/1.7.25/jul-to-slf4j-1.7.25.jar:/home/iftekhar/.m2/repository/javax/annotation/javax.annotation-api/1.3.1/javax.annotation-api-1.3.1.jar:/home/iftekhar/.m2/repository/org/yaml/snakeyaml/1.19/snakeyaml-1.19.jar:/home/iftekhar/.m2/repository/org/mongodb/mongodb-driver/3.5.0/mongodb-driver-3.5.0.jar:/home/iftekhar/.m2/repository/org/mongodb/bson/3.5.0/bson-3.5.0.jar:/home/iftekhar/.m2/repository/org/mongodb/mongodb-driver-core/3.5.0/mongodb-driver-core-3.5.0.jar:/home/iftekhar/.m2/repository/org/springframework/data/spring-data-mongodb/2.0.2.RELEASE/spring-data-mongodb-2.0.2.RELEASE.jar:/home/iftekhar/.m2/repository/org/springframework/spring-tx/5.0.2.RELEASE/spring-tx-5.0.2.RELEASE.jar:/home/iftekhar/.m2/repository/org/springframework/spring-context/5.0.2.RELEASE/spring-context-5.0.2.RELEASE.jar:/home/iftekhar/.m2/repository/org/springframework/spring-beans/5.0.2.RELEASE/spring-beans-5.0.2.RELEASE.jar:/home/iftekhar/.m2/repository/org/springframework/spring-expression/5.0.2.RELEASE/spring-expression-5.0.2.RELEASE.jar:/home/iftekhar/.m2/repository/org/springframework/data/spring-data-commons/2.0.2.RELEASE/spring-data-commons-2.0.2.RELEASE.jar:/home/iftekhar/.m2/repository/org/slf4j/slf4j-api/1.7.25/slf4j-api-1.7.25.jar:/home/iftekhar/.m2/repository/org/springframework/boot/spring-boot-starter-thymeleaf/2.0.0.M7/spring-boot-starter-thymeleaf-2.0.0.M7.jar:/home/iftekhar/.m2/repository/org/thymeleaf/thymeleaf-spring5/3.0.9.RELEASE/thymeleaf-spring5-3.0.9.RELEASE.jar:/home/iftekhar/.m2/repository/org/thymeleaf/thymeleaf/3.0.9.RELEASE/thymeleaf-3.0.9.RELEASE.jar:/home/iftekhar/.m2/repository/org/attoparser/attoparser/2.0.4.RELEASE/attoparser-2.0.4.RELEASE.jar:/home/iftekhar/.m2/repository/org/unbescape/unbescape/1.1.5.RELEASE/unbescape-1.1.5.RELEASE.jar:/home/iftekhar/.m2/repository/org/thymeleaf/extras/thymeleaf-extras-java8time/3.0.1.RELEASE/thymeleaf-extras-java8time-3.0.1.RELEASE.jar:/home/iftekhar/.m2/repository/org/springframework/boot/spring-boot-starter-web/2.0.0.M7/spring-boot-starter-web-2.0.0.M7.jar:/home/iftekhar/.m2/repository/org/springframework/boot/spring-boot-starter-json/2.0.0.M7/spring-boot-starter-json-2.0.0.M7.jar:/home/iftekhar/.m2/repository/com/fasterxml/jackson/core/jackson-databind/2.9.2/jackson-databind-2.9.2.jar:/home/iftekhar/.m2/repository/com/fasterxml/jackson/core/jackson-annotations/2.9.0/jackson-annotations-2.9.0.jar:/home/iftekhar/.m2/repository/com/fasterxml/jackson/core/jackson-core/2.9.2/jackson-core-2.9.2.jar:/home/iftekhar/.m2/repository/com/fasterxml/jackson/datatype/jackson-datatype-jdk8/2.9.2/jackson-datatype-jdk8-2.9.2.jar:/home/iftekhar/.m2/repository/com/fasterxml/jackson/datatype/jackson-datatype-jsr310/2.9.2/jackson-datatype-jsr310-2.9.2.jar:/home/iftekhar/.m2/repository/com/fasterxml/jackson/module/jackson-module-parameter-names/2.9.2/jackson-module-parameter-names-2.9.2.jar:/home/iftekhar/.m2/repository/org/springframework/boot/spring-boot-starter-tomcat/2.0.0.M7/spring-boot-starter-tomcat-2.0.0.M7.jar:/home/iftekhar/.m2/repository/org/apache/tomcat/embed/tomcat-embed-core/8.5.23/tomcat-embed-core-8.5.23.jar:/home/iftekhar/.m2/repository/org/apache/tomcat/tomcat-annotations-api/8.5.23/tomcat-annotations-api-8.5.23.jar:/home/iftekhar/.m2/repository/org/apache/tomcat/embed/tomcat-embed-el/8.5.23/tomcat-embed-el-8.5.23.jar:/home/iftekhar/.m2/repository/org/apache/tomcat/embed/tomcat-embed-websocket/8.5.23/tomcat-embed-websocket-8.5.23.jar:/home/iftekhar/.m2/repository/org/hibernate/validator/hibernate-validator/6.0.5.Final/hibernate-validator-6.0.5.Final.jar:/home/iftekhar/.m2/repository/javax/validation/validation-api/2.0.0.Final/validation-api-2.0.0.Final.jar:/home/iftekhar/.m2/repository/org/jboss/logging/jboss-logging/3.3.1.Final/jboss-logging-3.3.1.Final.jar:/home/iftekhar/.m2/repository/com/fasterxml/classmate/1.3.4/classmate-1.3.4.jar:/home/iftekhar/.m2/repository/org/springframework/spring-web/5.0.2.RELEASE/spring-web-5.0.2.RELEASE.jar:/home/iftekhar/.m2/repository/org/springframework/spring-webmvc/5.0.2.RELEASE/spring-webmvc-5.0.2.RELEASE.jar:/home/iftekhar/.m2/repository/org/springframework/spring-aop/5.0.2.RELEASE/spring-aop-5.0.2.RELEASE.jar:/home/iftekhar/.m2/repository/org/springframework/boot/spring-boot-starter-test/2.0.0.M7/spring-boot-starter-test-2.0.0.M7.jar:/home/iftekhar/.m2/repository/org/springframework/boot/spring-boot-test/2.0.0.M7/spring-boot-test-2.0.0.M7.jar:/home/iftekhar/.m2/repository/org/springframework/boot/spring-boot-test-autoconfigure/2.0.0.M7/spring-boot-test-autoconfigure-2.0.0.M7.jar:/home/iftekhar/.m2/repository/com/jayway/jsonpath/json-path/2.4.0/json-path-2.4.0.jar:/home/iftekhar/.m2/repository/net/minidev/json-smart/2.3/json-smart-2.3.jar:/home/iftekhar/.m2/repository/net/minidev/accessors-smart/1.2/accessors-smart-1.2.jar:/home/iftekhar/.m2/repository/org/ow2/asm/asm/5.0.4/asm-5.0.4.jar:/home/iftekhar/.m2/repository/junit/junit/4.12/junit-4.12.jar:/home/iftekhar/.m2/repository/org/assertj/assertj-core/3.8.0/assertj-core-3.8.0.jar:/home/iftekhar/.m2/repository/org/mockito/mockito-core/2.12.0/mockito-core-2.12.0.jar:/home/iftekhar/.m2/repository/net/bytebuddy/byte-buddy/1.7.9/byte-buddy-1.7.9.jar:/home/iftekhar/.m2/repository/net/bytebuddy/byte-buddy-agent/1.7.9/byte-buddy-agent-1.7.9.jar:/home/iftekhar/.m2/repository/org/objenesis/objenesis/2.6/objenesis-2.6.jar:/home/iftekhar/.m2/repository/org/hamcrest/hamcrest-core/1.3/hamcrest-core-1.3.jar:/home/iftekhar/.m2/repository/org/hamcrest/hamcrest-library/1.3/hamcrest-library-1.3.jar:/home/iftekhar/.m2/repository/org/skyscreamer/jsonassert/1.5.0/jsonassert-1.5.0.jar:/home/iftekhar/.m2/repository/com/vaadin/external/google/android-json/0.0.20131108.vaadin1/android-json-0.0.20131108.vaadin1.jar:/home/iftekhar/.m2/repository/org/springframework/spring-core/5.0.2.RELEASE/spring-core-5.0.2.RELEASE.jar:/home/iftekhar/.m2/repository/org/springframework/spring-jcl/5.0.2.RELEASE/spring-jcl-5.0.2.RELEASE.jar:/home/iftekhar/.m2/repository/org/springframework/spring-test/5.0.2.RELEASE/spring-test-5.0.2.RELEASE.jar:/home/iftekhar/.m2/repository/org/xmlunit/xmlunit-core/2.5.1/xmlunit-core-2.5.1.jar:, java.specification.name=Java Platform API Specification, java.class.version=52.0, sun.management.compiler=HotSpot 64-Bit Tiered Compilers, os.version=4.13.0-32-generic, user.home=/home/iftekhar, user.timezone=Asia/Dhaka, java.awt.printerjob=sun.print.PSPrinterJob, file.encoding=UTF-8, java.specification.version=1.8, java.class.path=/media/iftekhar/New Volume/spring-boot-mongodb/target/test-classes:/media/iftekhar/New Volume/spring-boot-mongodb/target/classes:/home/iftekhar/.m2/repository/org/springframework/boot/spring-boot-starter-data-mongodb/2.0.0.M7/spring-boot-starter-data-mongodb-2.0.0.M7.jar:/home/iftekhar/.m2/repository/org/springframework/boot/spring-boot-starter/2.0.0.M7/spring-boot-starter-2.0.0.M7.jar:/home/iftekhar/.m2/repository/org/springframework/boot/spring-boot/2.0.0.M7/spring-boot-2.0.0.M7.jar:/home/iftekhar/.m2/repository/org/springframework/boot/spring-boot-autoconfigure/2.0.0.M7/spring-boot-autoconfigure-2.0.0.M7.jar:/home/iftekhar/.m2/repository/org/springframework/boot/spring-boot-starter-logging/2.0.0.M7/spring-boot-starter-logging-2.0.0.M7.jar:/home/iftekhar/.m2/repository/ch/qos/logback/logback-classic/1.2.3/logback-classic-1.2.3.jar:/home/iftekhar/.m2/repository/ch/qos/logback/logback-core/1.2.3/logback-core-1.2.3.jar:/home/iftekhar/.m2/repository/org/apache/logging/log4j/log4j-to-slf4j/2.10.0/log4j-to-slf4j-2.10.0.jar:/home/iftekhar/.m2/repository/org/apache/logging/log4j/log4j-api/2.10.0/log4j-api-2.10.0.jar:/home/iftekhar/.m2/repository/org/slf4j/jul-to-slf4j/1.7.25/jul-to-slf4j-1.7.25.jar:/home/iftekhar/.m2/repository/javax/annotation/javax.annotation-api/1.3.1/javax.annotation-api-1.3.1.jar:/home/iftekhar/.m2/repository/org/yaml/snakeyaml/1.19/snakeyaml-1.19.jar:/home/iftekhar/.m2/repository/org/mongodb/mongodb-driver/3.5.0/mongodb-driver-3.5.0.jar:/home/iftekhar/.m2/repository/org/mongodb/bson/3.5.0/bson-3.5.0.jar:/home/iftekhar/.m2/repository/org/mongodb/mongodb-driver-core/3.5.0/mongodb-driver-core-3.5.0.jar:/home/iftekhar/.m2/repository/org/springframework/data/spring-data-mongodb/2.0.2.RELEASE/spring-data-mongodb-2.0.2.RELEASE.jar:/home/iftekhar/.m2/repository/org/springframework/spring-tx/5.0.2.RELEASE/spring-tx-5.0.2.RELEASE.jar:/home/iftekhar/.m2/repository/org/springframework/spring-context/5.0.2.RELEASE/spring-context-5.0.2.RELEASE.jar:/home/iftekhar/.m2/repository/org/springframework/spring-beans/5.0.2.RELEASE/spring-beans-5.0.2.RELEASE.jar:/home/iftekhar/.m2/repository/org/springframework/spring-expression/5.0.2.RELEASE/spring-expression-5.0.2.RELEASE.jar:/home/iftekhar/.m2/repository/org/springframework/data/spring-data-commons/2.0.2.RELEASE/spring-data-commons-2.0.2.RELEASE.jar:/home/iftekhar/.m2/repository/org/slf4j/slf4j-api/1.7.25/slf4j-api-1.7.25.jar:/home/iftekhar/.m2/repository/org/springframework/boot/spring-boot-starter-thymeleaf/2.0.0.M7/spring-boot-starter-thymeleaf-2.0.0.M7.jar:/home/iftekhar/.m2/repository/org/thymeleaf/thymeleaf-spring5/3.0.9.RELEASE/thymeleaf-spring5-3.0.9.RELEASE.jar:/home/iftekhar/.m2/repository/org/thymeleaf/thymeleaf/3.0.9.RELEASE/thymeleaf-3.0.9.RELEASE.jar:/home/iftekhar/.m2/repository/org/attoparser/attoparser/2.0.4.RELEASE/attoparser-2.0.4.RELEASE.jar:/home/iftekhar/.m2/repository/org/unbescape/unbescape/1.1.5.RELEASE/unbescape-1.1.5.RELEASE.jar:/home/iftekhar/.m2/repository/org/thymeleaf/extras/thymeleaf-extras-java8time/3.0.1.RELEASE/thymeleaf-extras-java8time-3.0.1.RELEASE.jar:/home/iftekhar/.m2/repository/org/springframework/boot/spring-boot-starter-web/2.0.0.M7/spring-boot-starter-web-2.0.0.M7.jar:/home/iftekhar/.m2/repository/org/springframework/boot/spring-boot-starter-json/2.0.0.M7/spring-boot-starter-json-2.0.0.M7.jar:/home/iftekhar/.m2/repository/com/fasterxml/jackson/core/jackson-databind/2.9.2/jackson-databind-2.9.2.jar:/home/iftekhar/.m2/repository/com/fasterxml/jackson/core/jackson-annotations/2.9.0/jackson-annotations-2.9.0.jar:/home/iftekhar/.m2/repository/com/fasterxml/jackson/core/jackson-core/2.9.2/jackson-core-2.9.2.jar:/home/iftekhar/.m2/repository/com/fasterxml/jackson/datatype/jackson-datatype-jdk8/2.9.2/jackson-datatype-jdk8-2.9.2.jar:/home/iftekhar/.m2/repository/com/fasterxml/jackson/datatype/jackson-datatype-jsr310/2.9.2/jackson-datatype-jsr310-2.9.2.jar:/home/iftekhar/.m2/repository/com/fasterxml/jackson/module/jackson-module-parameter-names/2.9.2/jackson-module-parameter-names-2.9.2.jar:/home/iftekhar/.m2/repository/org/springframework/boot/spring-boot-starter-tomcat/2.0.0.M7/spring-boot-starter-tomcat-2.0.0.M7.jar:/home/iftekhar/.m2/repository/org/apache/tomcat/embed/tomcat-embed-core/8.5.23/tomcat-embed-core-8.5.23.jar:/home/iftekhar/.m2/repository/org/apache/tomcat/tomcat-annotations-api/8.5.23/tomcat-annotations-api-8.5.23.jar:/home/iftekhar/.m2/repository/org/apache/tomcat/embed/tomcat-embed-el/8.5.23/tomcat-embed-el-8.5.23.jar:/home/iftekhar/.m2/repository/org/apache/tomcat/embed/tomcat-embed-websocket/8.5.23/tomcat-embed-websocket-8.5.23.jar:/home/iftekhar/.m2/repository/org/hibernate/validator/hibernate-validator/6.0.5.Final/hibernate-validator-6.0.5.Final.jar:/home/iftekhar/.m2/repository/javax/validation/validation-api/2.0.0.Final/validation-api-2.0.0.Final.jar:/home/iftekhar/.m2/repository/org/jboss/logging/jboss-logging/3.3.1.Final/jboss-logging-3.3.1.Final.jar:/home/iftekhar/.m2/repository/com/fasterxml/classmate/1.3.4/classmate-1.3.4.jar:/home/iftekhar/.m2/repository/org/springframework/spring-web/5.0.2.RELEASE/spring-web-5.0.2.RELEASE.jar:/home/iftekhar/.m2/repository/org/springframework/spring-webmvc/5.0.2.RELEASE/spring-webmvc-5.0.2.RELEASE.jar:/home/iftekhar/.m2/repository/org/springframework/spring-aop/5.0.2.RELEASE/spring-aop-5.0.2.RELEASE.jar:/home/iftekhar/.m2/repository/org/springframework/boot/spring-boot-starter-test/2.0.0.M7/spring-boot-starter-test-2.0.0.M7.jar:/home/iftekhar/.m2/repository/org/springframework/boot/spring-boot-test/2.0.0.M7/spring-boot-test-2.0.0.M7.jar:/home/iftekhar/.m2/repository/org/springframework/boot/spring-boot-test-autoconfigure/2.0.0.M7/spring-boot-test-autoconfigure-2.0.0.M7.jar:/home/iftekhar/.m2/repository/com/jayway/jsonpath/json-path/2.4.0/json-path-2.4.0.jar:/home/iftekhar/.m2/repository/net/minidev/json-smart/2.3/json-smart-2.3.jar:/home/iftekhar/.m2/repository/net/minidev/accessors-smart/1.2/accessors-smart-1.2.jar:/home/iftekhar/.m2/repository/org/ow2/asm/asm/5.0.4/asm-5.0.4.jar:/home/iftekhar/.m2/repository/junit/junit/4.12/junit-4.12.jar:/home/iftekhar/.m2/repository/org/assertj/assertj-core/3.8.0/assertj-core-3.8.0.jar:/home/iftekhar/.m2/repository/org/mockito/mockito-core/2.12.0/mockito-core-2.12.0.jar:/home/iftekhar/.m2/repository/net/bytebuddy/byte-buddy/1.7.9/byte-buddy-1.7.9.jar:/home/iftekhar/.m2/repository/net/bytebuddy/byte-buddy-agent/1.7.9/byte-buddy-agent-1.7.9.jar:/home/iftekhar/.m2/repository/org/objenesis/objenesis/2.6/objenesis-2.6.jar:/home/iftekhar/.m2/repository/org/hamcrest/hamcrest-core/1.3/hamcrest-core-1.3.jar:/home/iftekhar/.m2/repository/org/hamcrest/hamcrest-library/1.3/hamcrest-library-1.3.jar:/home/iftekhar/.m2/repository/org/skyscreamer/jsonassert/1.5.0/jsonassert-1.5.0.jar:/home/iftekhar/.m2/repository/com/vaadin/external/google/android-json/0.0.20131108.vaadin1/android-json-0.0.20131108.vaadin1.jar:/home/iftekhar/.m2/repository/org/springframework/spring-core/5.0.2.RELEASE/spring-core-5.0.2.RELEASE.jar:/home/iftekhar/.m2/repository/org/springframework/spring-jcl/5.0.2.RELEASE/spring-jcl-5.0.2.RELEASE.jar:/home/iftekhar/.m2/repository/org/springframework/spring-test/5.0.2.RELEASE/spring-test-5.0.2.RELEASE.jar:/home/iftekhar/.m2/repository/org/xmlunit/xmlunit-core/2.5.1/xmlunit-core-2.5.1.jar:, user.name=iftekhar, java.vm.specification.version=1.8, sun.java.command=/media/iftekhar/New Volume/spring-boot-mongodb/target/surefire/surefirebooter4079660414060813256.jar /media/iftekhar/New Volume/spring-boot-mongodb/target/surefire 2018-02-10T10-35-28_226-jvmRun1 surefire3927960482319592971tmp surefire_012944397980009845tmp, java.home=/usr/lib/jvm/java-8-oracle/jre, sun.arch.data.model=64, user.language=en, java.specification.vendor=Oracle Corporation, awt.toolkit=sun.awt.X11.XToolkit, java.vm.info=mixed mode, java.version=1.8.0_121, java.ext.dirs=/usr/lib/jvm/java-8-oracle/jre/lib/ext:/usr/java/packages/lib/ext, sun.boot.class.path=/usr/lib/jvm/java-8-oracle/jre/lib/resources.jar:/usr/lib/jvm/java-8-oracle/jre/lib/rt.jar:/usr/lib/jvm/java-8-oracle/jre/lib/sunrsasign.jar:/usr/lib/jvm/java-8-oracle/jre/lib/jsse.jar:/usr/lib/jvm/java-8-oracle/jre/lib/jce.jar:/usr/lib/jvm/java-8-oracle/jre/lib/charsets.jar:/usr/lib/jvm/java-8-oracle/jre/lib/jfr.jar:/usr/lib/jvm/java-8-oracle/jre/classes, java.vendor=Oracle Corporation, localRepository=/home/iftekhar/.m2/repository, file.separator=/, java.vendor.url.bug=http://bugreport.sun.com/bugreport/, sun.io.unicode.encoding=UnicodeLittle, sun.cpu.endian=little, sun.desktop=gnome, sun.cpu.isalist=}}, SystemEnvironmentPropertySource@690686166 {name='systemEnvironment', properties={PATH=/home/iftekhar/.composer/vendor/bin:/home/iftekhar/bin:/home/iftekhar/.local/bin:/usr/local/sbin:/usr/local/bin:/usr/sbin:/usr/bin:/sbin:/bin:/usr/games:/usr/local/games:/home/iftekhar/jasperstarter/bin:/snap/bin:/usr/lib/jvm/java-8-oracle/bin:/usr/lib/jvm/java-8-oracle/db/bin:/usr/lib/jvm/java-8-oracle/jre/bin, LC_MEASUREMENT=en_US.UTF-8, XAUTHORITY=/home/iftekhar/.Xauthority, XMODIFIERS=@im=ibus, LC_TELEPHONE=en_US.UTF-8, XDG_DATA_DIRS=/usr/share/ubuntu:/usr/share/gnome:/usr/local/share/:/usr/share/:/var/lib/snapd/desktop, GDMSESSION=ubuntu, MANDATORY_PATH=/usr/share/gconf/ubuntu.mandatory.path, LC_TIME=en_US.UTF-8, PAPERSIZE=letter, GTK_IM_MODULE=ibus, DBUS_SESSION_BUS_ADDRESS=unix:abstract=/tmp/dbus-NUpjx1wxkS, DEFAULTS_PATH=/usr/share/gconf/ubuntu.default.path, XDG_CURRENT_DESKTOP=Unity, UPSTART_SESSION=unix:abstract=/com/ubuntu/upstart-session/1000/1733, QT4_IM_MODULE=xim, LC_PAPER=en_US.UTF-8, SESSION_MANAGER=local/iftekhar:@/tmp/.ICE-unix/1942,unix/iftekhar:/tmp/.ICE-unix/1942, QT_LINUX_ACCESSIBILITY_ALWAYS_ON=1, LOGNAME=iftekhar, JOB=dbus, PWD=/media/iftekhar/New Volume/spring-boot-mongodb, DERBY_HOME=/usr/lib/jvm/java-8-oracle/db, IM_CONFIG_PHASE=1, LANGUAGE=en_US, WINDOWID=67109005, SHELL=/bin/bash, LESSOPEN=| /usr/bin/lesspipe %s, LC_ADDRESS=en_US.UTF-8, GTK2_MODULES=overlay-scrollbar, INSTANCE=, J2SDKDIR=/usr/lib/jvm/java-8-oracle, OLDPWD=/media/iftekhar/New Volume/spring-boot-mongodb, GNOME_DESKTOP_SESSION_ID=this-is-deprecated, GTK_MODULES=gail:atk-bridge:unity-gtk-module, J2REDIR=/usr/lib/jvm/java-8-oracle/jre, CLUTTER_IM_MODULE=xim, XDG_SESSION_PATH=/org/freedesktop/DisplayManager/Session0, SESSIONTYPE=gnome-session, LS_COLORS=rs=0:di=01;34:ln=01;36:mh=00:pi=40;33:so=01;35:do=01;35:bd=40;33;01:cd=40;33;01:or=40;31;01:mi=00:su=37;41:sg=30;43:ca=30;41:tw=30;42:ow=34;42:st=37;44:ex=01;32:*.tar=01;31:*.tgz=01;31:*.arc=01;31:*.arj=01;31:*.taz=01;31:*.lha=01;31:*.lz4=01;31:*.lzh=01;31:*.lzma=01;31:*.tlz=01;31:*.txz=01;31:*.tzo=01;31:*.t7z=01;31:*.zip=01;31:*.z=01;31:*.Z=01;31:*.dz=01;31:*.gz=01;31:*.lrz=01;31:*.lz=01;31:*.lzo=01;31:*.xz=01;31:*.bz2=01;31:*.bz=01;31:*.tbz=01;31:*.tbz2=01;31:*.tz=01;31:*.deb=01;31:*.rpm=01;31:*.jar=01;31:*.war=01;31:*.ear=01;31:*.sar=01;31:*.rar=01;31:*.alz=01;31:*.ace=01;31:*.zoo=01;31:*.cpio=01;31:*.7z=01;31:*.rz=01;31:*.cab=01;31:*.jpg=01;35:*.jpeg=01;35:*.gif=01;35:*.bmp=01;35:*.pbm=01;35:*.pgm=01;35:*.ppm=01;35:*.tga=01;35:*.xbm=01;35:*.xpm=01;35:*.tif=01;35:*.tiff=01;35:*.png=01;35:*.svg=01;35:*.svgz=01;35:*.mng=01;35:*.pcx=01;35:*.mov=01;35:*.mpg=01;35:*.mpeg=01;35:*.m2v=01;35:*.mkv=01;35:*.webm=01;35:*.ogm=01;35:*.mp4=01;35:*.m4v=01;35:*.mp4v=01;35:*.vob=01;35:*.qt=01;35:*.nuv=01;35:*.wmv=01;35:*.asf=01;35:*.rm=01;35:*.rmvb=01;35:*.flc=01;35:*.avi=01;35:*.fli=01;35:*.flv=01;35:*.gl=01;35:*.dl=01;35:*.xcf=01;35:*.xwd=01;35:*.yuv=01;35:*.cgm=01;35:*.emf=01;35:*.ogv=01;35:*.ogx=01;35:*.aac=00;36:*.au=00;36:*.flac=00;36:*.m4a=00;36:*.mid=00;36:*.midi=00;36:*.mka=00;36:*.mp3=00;36:*.mpc=00;36:*.ogg=00;36:*.ra=00;36:*.wav=00;36:*.oga=00;36:*.opus=00;36:*.spx=00;36:*.xspf=00;36:, XDG_SESSION_DESKTOP=ubuntu, SHLVL=1, LC_IDENTIFICATION=en_US.UTF-8, LESSCLOSE=/usr/bin/lesspipe %s %s, LC_MONETARY=en_US.UTF-8, COMPIZ_CONFIG_PROFILE=ubuntu, QT_IM_MODULE=ibus, JAVA_HOME=/usr/lib/jvm/java-8-oracle, TERM=xterm-256color, XDG_CONFIG_DIRS=/etc/xdg/xdg-ubuntu:/usr/share/upstart/xdg:/etc/xdg, XFILESEARCHPATH=/usr/dt/app-defaults/%L/Dt, LANG=en_US.UTF-8, GNOME_KEYRING_CONTROL=, XDG_SEAT_PATH=/org/freedesktop/DisplayManager/Seat0, XDG_SESSION_ID=c2, XDG_SESSION_TYPE=x11, DISPLAY=:0, LC_NAME=en_US.UTF-8, MAVEN_CMD_LINE_ARGS= install, _=/usr/bin/mvn, GDM_LANG=en_US, XDG_GREETER_DATA_DIR=/var/lib/lightdm-data/iftekhar, GPG_AGENT_INFO=/home/iftekhar/.gnupg/S.gpg-agent:0:1, MAVEN_PROJECTBASEDIR=/media/iftekhar/New Volume/spring-boot-mongodb, DESKTOP_SESSION=ubuntu, SESSION=ubuntu, USER=iftekhar, XDG_MENU_PREFIX=gnome-, VTE_VERSION=4205, QT_ACCESSIBILITY=1, LC_NUMERIC=en_US.UTF-8, SSH_AUTH_SOCK=/run/user/1000/keyring/ssh, XDG_SEAT=seat0, NLSPATH=/usr/dt/lib/nls/msg/%L/%N.cat, QT_QPA_PLATFORMTHEME=appmenu-qt5, XDG_VTNR=7, XDG_RUNTIME_DIR=/run/user/1000, HOME=/home/iftekhar, GNOME_KEYRING_PID=}}]
10:35:29.507 [main] DEBUG org.springframework.core.io.support.PathMatchingResourcePatternResolver - Resolved classpath location [guru/springframework/] to resources [URL [file:/media/iftekhar/New%20Volume/spring-boot-mongodb/target/test-classes/guru/springframework/]]
10:35:29.507 [main] DEBUG org.springframework.core.io.support.PathMatchingResourcePatternResolver - Looking for matching resources in directory tree [/media/iftekhar/New Volume/spring-boot-mongodb/target/test-classes/guru/springframework]
10:35:29.507 [main] DEBUG org.springframework.core.io.support.PathMatchingResourcePatternResolver - Searching directory [/media/iftekhar/New Volume/spring-boot-mongodb/target/test-classes/guru/springframework] for files matching pattern [/media/iftekhar/New Volume/spring-boot-mongodb/target/test-classes/guru/springframework/*.class]
10:35:29.508 [main] DEBUG org.springframework.core.io.support.PathMatchingResourcePatternResolver - Resolved location pattern [classpath*:guru/springframework/*.class] to resources [file [/media/iftekhar/New Volume/spring-boot-mongodb/target/test-classes/guru/springframework/SpringBootMongodbApplicationTests.class]]
10:35:29.509 [main] DEBUG org.springframework.core.io.support.PathMatchingResourcePatternResolver - Resolved classpath location [guru/] to resources [URL [file:/media/iftekhar/New%20Volume/spring-boot-mongodb/target/test-classes/guru/]]
10:35:29.509 [main] DEBUG org.springframework.core.io.support.PathMatchingResourcePatternResolver - Looking for matching resources in directory tree [/media/iftekhar/New Volume/spring-boot-mongodb/target/test-classes/guru]
10:35:29.509 [main] DEBUG org.springframework.core.io.support.PathMatchingResourcePatternResolver - Searching directory [/media/iftekhar/New Volume/spring-boot-mongodb/target/test-classes/guru] for files matching pattern [/media/iftekhar/New Volume/spring-boot-mongodb/target/test-classes/guru/*.class]
10:35:29.510 [main] DEBUG org.springframework.core.io.support.PathMatchingResourcePatternResolver - Resolved location pattern [classpath*:guru/*.class] to resources []
]]></system-out>
  </testcase>
</testsuite>